[debug] [2022-06-16T07:34:57.762Z] ----------------------------------------------------------------------
[debug] [2022-06-16T07:34:57.764Z] Command:       C:\Program Files\nodejs\node.exe C:\Users\PARAS SINGH\AppData\Roaming\npm\node_modules\firebase-tools\lib\bin\firebase.js init
[debug] [2022-06-16T07:34:57.764Z] CLI Version:   11.1.0
[debug] [2022-06-16T07:34:57.764Z] Platform:      win32
[debug] [2022-06-16T07:34:57.764Z] Node Version:  v16.15.0
[debug] [2022-06-16T07:34:57.765Z] Time:          Thu Jun 16 2022 13:04:57 GMT+0530 (India Standard Time)
[debug] [2022-06-16T07:34:57.766Z] ----------------------------------------------------------------------
[debug] 
[debug] [2022-06-16T07:34:57.831Z] > command requires scopes: ["email","openid","https://www.googleapis.com/auth/cloudplatformprojects.readonly","https://www.googleapis.com/auth/firebase","https://www.googleapis.com/auth/cloud-platform"]
[debug] [2022-06-16T07:34:57.831Z] > authorizing via signed-in user (parassingh.singh15@gmail.com)
[info] 
     ######## #### ########  ######## ########     ###     ######  ########
     ##        ##  ##     ## ##       ##     ##  ##   ##  ##       ##
     ######    ##  ########  ######   ########  #########  ######  ######
     ##        ##  ##    ##  ##       ##     ## ##     ##       ## ##
     ##       #### ##     ## ######## ########  ##     ##  ######  ########

You're about to initialize a Firebase project in this directory:

  C:\Users\PARAS SINGH\Dropbox\My PC (DESKTOP-K73J81Q)\Desktop\Stackroute-MERN\react-pwa-practice\my-app

Before we get started, keep in mind:

  * You are initializing within an existing Firebase project directory

[info] 
=== Project Setup
[info] 
[info] First, let's associate this project directory with a Firebase project.
[info] You can create multiple project aliases by running firebase use --add, 
[info] but for now we'll just set up a default project.
[info] 
[debug] [2022-06-16T07:35:02.701Z] Using project from CLI flag: weatherworldapp
[debug] [2022-06-16T07:35:02.704Z] >>> [apiv2][query] GET https://firebase.googleapis.com/v1beta1/projects/weatherworldapp [none]
[debug] [2022-06-16T07:35:03.224Z] <<< [apiv2][status] GET https://firebase.googleapis.com/v1beta1/projects/weatherworldapp 200
[debug] [2022-06-16T07:35:03.224Z] <<< [apiv2][body] GET https://firebase.googleapis.com/v1beta1/projects/weatherworldapp {"projectId":"weatherworldapp","projectNumber":"757828578903","displayName":"WeatherWorldApp","name":"projects/weatherworldapp","resources":{"hostingSite":"weatherworldapp"},"state":"ACTIVE"}
[info] i  Using project weatherworldapp (WeatherWorldApp) 
[info] 
=== Hosting Setup
[info] 
[info] Your public directory is the folder (relative to your project directory) that
[info] will contain Hosting assets to be uploaded with firebase deploy. If you
[info] have a build process for your assets, use your build's output directory.
[info] 
